<?xml version="1.0" encoding="UTF-8"?>
<!-- Generated by org.testng.reporters.JUnitReportReporter -->
<testsuite hostname="Gopi-HP" name="testCases.parallel" tests="1" failures="0" timestamp="29 Jun 2017 18:10:09 GMT" time="24.589" errors="0">
  <testcase name="f" time="24.589" classname="testCases.parallel"/>
</testsuite> <!-- testCases.parallel -->
