<?xml version="1.0" encoding="UTF-8"?>
<!-- Generated by org.testng.reporters.JUnitReportReporter -->
<testsuite hostname="Gopi-HP" name="testCases.parallel3" tests="1" failures="0" timestamp="29 Jun 2017 18:35:00 GMT" time="31.708" errors="0">
  <testcase name="f3" time="31.708" classname="testCases.parallel3"/>
</testsuite> <!-- testCases.parallel3 -->
