<?xml version="1.0" encoding="UTF-8"?>
<!-- Generated by org.testng.reporters.JUnitReportReporter -->
<testsuite hostname="Gopi-HP" name="clearTrip.ClearTripComplete" tests="1" failures="0" timestamp="26 Jun 2017 06:24:20 GMT" time="73.348" errors="0">
  <testcase name="login" time="73.348" classname="clearTrip.ClearTripComplete"/>
</testsuite> <!-- clearTrip.ClearTripComplete -->
