<?xml version="1.0" encoding="UTF-8"?>
<!-- Generated by org.testng.reporters.JUnitReportReporter -->
<testsuite hostname="Gopi-HP" name="testCases.NewTest" tests="3" failures="0" timestamp="28 Jun 2017 17:35:32 GMT" time="0.016" errors="0">
  <testcase name="f" time="0.016" classname="testCases.NewTest"/>
  <testcase name="f" time="0.000" classname="testCases.NewTest"/>
  <testcase name="f1" time="0.000" classname="testCases.NewTest"/>
</testsuite> <!-- testCases.NewTest -->
