<?xml version="1.0" encoding="UTF-8"?>
<!-- Generated by org.testng.reporters.JUnitReportReporter -->
<testsuite hostname="Gopi-HP" name="testCases.parallel2" tests="1" failures="0" timestamp="29 Jun 2017 17:43:17 GMT" time="19.252" errors="0">
  <testcase name="f2" time="19.252" classname="testCases.parallel2"/>
</testsuite> <!-- testCases.parallel2 -->
